<?xml version="1.0" encoding="UTF-8"?>
<!-- Generated by org.testng.reporters.JUnitXMLReporter -->
<testsuite ignored="2" hostname="LAPTOP-I3DUF9VK" failures="0" tests="1" name="carLoan" time="0.007" errors="0" timestamp="2020-09-06T14:34:35 IST">
  <testcase classname="day3" name="WebLogincarLoon" time="0.002"/>
  <testcase classname="day3" name="MobileLoginApicarLoon" time="0.0">
    <ignored/>
  </testcase> <!-- MobileLoginApicarLoon -->
  <testcase classname="day3" name="MobileWebLogiccarLoon" time="0.0">
    <ignored/>
  </testcase> <!-- MobileWebLogiccarLoon -->
</testsuite> <!-- carLoan -->
