<?xml version="1.0" encoding="UTF-8"?>
<!-- Generated by org.testng.reporters.JUnitXMLReporter -->
<testsuite ignored="0" hostname="LAPTOP-I3DUF9VK" failures="0" tests="5" name="PersonalLoan" time="0.072" errors="0" timestamp="2020-09-06T14:34:35 IST">
  <testcase classname="day1" name="Demo" time="0.008"/>
  <testcase classname="day2" name="ploan" time="0.003"/>
  <testcase classname="day4" name="MobileLoginApihomeLoon" time="0.002"/>
  <testcase classname="day4" name="MobileWebLogichomeLoon" time="0.002"/>
  <testcase classname="day4" name="MobileWebLoginhomeLoon" time="0.002"/>
</testsuite> <!-- PersonalLoan -->
