<?xml version="1.0" encoding="UTF-8"?>
<!-- Generated by org.testng.reporters.JUnitXMLReporter -->
<testsuite ignored="3" hostname="LAPTOP-I3DUF9VK" failures="0" tests="0" time="0.011" errors="0" timestamp="2020-07-06T07:56:20 IST">
  <testcase classname="day3" name="MobileWebLogincartoon" time="0.0">
    <ignored/>
  </testcase> <!-- MobileWebLogincartoon -->
  <testcase classname="day3" name="MobileLoginApicartoon" time="0.0">
    <ignored/>
  </testcase> <!-- MobileLoginApicartoon -->
  <testcase classname="day3" name="MobileWebLogiccartoon" time="0.0">
    <ignored/>
  </testcase> <!-- MobileWebLogiccartoon -->
</testsuite>
