<?xml version="1.0" encoding="UTF-8"?>
<!-- Generated by org.testng.reporters.JUnitXMLReporter -->
<testsuite ignored="0" hostname="LAPTOP-I3DUF9VK" failures="0" tests="5" name="Test" time="0.113" errors="0" timestamp="2020-09-01T21:06:53 IST">
  <testcase classname="day1" name="Demo" time="0.016"/>
  <testcase classname="day3" name="MobileLoginApicartoon" time="0.002"/>
  <testcase classname="day3" name="MobileWebLogiccartoon" time="0.004"/>
  <testcase classname="day3" name="MobileWebLogincartoon" time="0.001"/>
  <testcase classname="day2" name="ploan" time="0.004"/>
</testsuite> <!-- Test -->
